<?xml version="1.0" encoding="UTF-8"?>
<!-- Generated by org.testng.reporters.JUnitXMLReporter -->
<testsuite hostname="LAPTOP-TO2ES5BG" name="Surefire test" tests="17" failures="1" timestamp="4 Oct 2018 00:00:39 GMT" time="427.332" errors="0">
  <testcase name="SelectClass" time="5.584" classname="com.rutu.yash.PageTest"/>
  <testcase name="cssSelector" time="5.272" classname="com.rutu.yash.PageTest"/>
  <testcase name="dragAndDrop" time="2.587" classname="com.rutu.yash.PageTest"/>
  <testcase name="dropDownTest" time="8.347" classname="com.rutu.yash.PageTest"/>
  <testcase name="explicitWait" time="106.889" classname="com.rutu.yash.PageTest">
    <failure type="org.openqa.selenium.TimeoutException" message="Timed out after 100 seconds waiting for text (&amp;apos;nnnWrong Password, try again&amp;apos;) to be present in element found by By.xpath: .//*[@id=&amp;apos;password&amp;apos;]/div[2]/div[2]
Build info: version: &amp;apos;2.53.1&amp;apos;, revision: &amp;apos;a36b8b1cd5757287168e54b817830adce9b0158d&amp;apos;, time: &amp;apos;2016-06-30 19:26:09&amp;apos;
System info: host: &amp;apos;LAPTOP-TO2ES5BG&amp;apos;, ip: &amp;apos;192.168.71.2&amp;apos;, os.name: &amp;apos;Windows 10&amp;apos;, os.arch: &amp;apos;amd64&amp;apos;, os.version: &amp;apos;10.0&amp;apos;, java.version: &amp;apos;1.8.0_151&amp;apos;
Driver info: org.openqa.selenium.firefox.FirefoxDriver
Capabilities [{applicationCacheEnabled=true, rotatable=false, handlesAlerts=true, databaseEnabled=true, version=47.0.1, platform=WINDOWS, nativeEvents=false, acceptSslCerts=true, webStorageEnabled=true, locationContextEnabled=true, browserName=firefox, takesScreenshot=true, javascriptEnabled=true, cssSelectorsEnabled=true}]
Session ID: ec014d9b-88f6-4b92-bc13-cbb8432317b1">
      <![CDATA[org.openqa.selenium.TimeoutException: Timed out after 100 seconds waiting for text ('nnnWrong Password, try again') to be present in element found by By.xpath: .//*[@id='password']/div[2]/div[2]
Build info: version: '2.53.1', revision: 'a36b8b1cd5757287168e54b817830adce9b0158d', time: '2016-06-30 19:26:09'
System info: host: 'LAPTOP-TO2ES5BG', ip: '192.168.71.2', os.name: 'Windows 10', os.arch: 'amd64', os.version: '10.0', java.version: '1.8.0_151'
Driver info: org.openqa.selenium.firefox.FirefoxDriver
Capabilities [{applicationCacheEnabled=true, rotatable=false, handlesAlerts=true, databaseEnabled=true, version=47.0.1, platform=WINDOWS, nativeEvents=false, acceptSslCerts=true, webStorageEnabled=true, locationContextEnabled=true, browserName=firefox, takesScreenshot=true, javascriptEnabled=true, cssSelectorsEnabled=true}]
Session ID: ec014d9b-88f6-4b92-bc13-cbb8432317b1
	at org.openqa.selenium.support.ui.WebDriverWait.timeoutException(WebDriverWait.java:80)
	at org.openqa.selenium.support.ui.FluentWait.until(FluentWait.java:261)
	at com.rutu.yash.PageTest.explicitWait(PageTest.java:65)
	at org.apache.maven.surefire.testng.TestNGExecutor.run(TestNGExecutor.java:135)
	at org.apache.maven.surefire.testng.TestNGDirectoryTestSuite.executeSingleClass(TestNGDirectoryTestSuite.java:112)
	at org.apache.maven.surefire.testng.TestNGDirectoryTestSuite.execute(TestNGDirectoryTestSuite.java:99)
	at org.apache.maven.surefire.testng.TestNGProvider.invoke(TestNGProvider.java:146)
	at org.apache.maven.surefire.booter.ForkedBooter.invokeProviderInSameClassLoader(ForkedBooter.java:373)
	at org.apache.maven.surefire.booter.ForkedBooter.runSuitesInProcess(ForkedBooter.java:334)
	at org.apache.maven.surefire.booter.ForkedBooter.execute(ForkedBooter.java:119)
	at org.apache.maven.surefire.booter.ForkedBooter.main(ForkedBooter.java:407)
... Removed 21 stack frames]]>
    </failure>
  </testcase> <!-- explicitWait -->
  <testcase name="frameTest" time="1.742" classname="com.rutu.yash.PageTest"/>
  <testcase name="hoverAction" time="2.775" classname="com.rutu.yash.PageTest"/>
  <testcase name="javaScriptExecutor" time="2.957" classname="com.rutu.yash.PageTest"/>
  <testcase name="keyTest" time="6.082" classname="com.rutu.yash.PageTest"/>
  <testcase name="multipleWindowTest" time="16.624" classname="com.rutu.yash.PageTest"/>
  <testcase name="navigate" time="8.745" classname="com.rutu.yash.PageTest"/>
  <testcase name="openPageinNewWindow" time="2.521" classname="com.rutu.yash.PageTest"/>
  <testcase name="pageLoadTimeOut" time="2.043" classname="com.rutu.yash.PageTest"/>
  <testcase name="popUpTest" time="9.893" classname="com.rutu.yash.PageTest"/>
  <testcase name="radioButton" time="5.089" classname="com.rutu.yash.PageTest"/>
  <testcase name="screenShotTest" time="13.893" classname="com.rutu.yash.PageTest"/>
  <testcase name="windowSizeTest" time="3.945" classname="com.rutu.yash.PageTest"/>
</testsuite> <!-- Surefire test -->
