<?xml version="1.0" encoding="UTF-8"?>
<!-- Generated by org.testng.reporters.JUnitReportReporter -->
<testsuite hostname="LAPTOP-TO2ES5BG" name="com.rutu.yash.PageTest" tests="17" failures="1" timestamp="4 Oct 2018 00:00:39 GMT" time="426.961" errors="0">
  <testcase name="navigate" time="20.236" classname="com.rutu.yash.PageTest"/>
  <testcase name="keyTest" time="18.339" classname="com.rutu.yash.PageTest"/>
  <testcase name="SelectClass" time="17.168" classname="com.rutu.yash.PageTest"/>
  <testcase name="radioButton" time="18.175" classname="com.rutu.yash.PageTest"/>
  <testcase name="explicitWait" time="120.650" classname="com.rutu.yash.PageTest">
    <failure type="org.openqa.selenium.TimeoutException" message="Timed out after 100 seconds waiting for text (&#039;nnnWrong Password, try again&#039;) to be present in element found by By.xpath: .//*[@id=&#039;password&#039;]/div[2]/div[2]
Build info: version: &#039;2.53.1&#039;, revision: &#039;a36b8b1cd5757287168e54b817830adce9b0158d&#039;, time: &#039;2016-06-30 19:26:09&#039;
System info: host: &#039;LAPTOP-TO2ES5BG&#039;, ip: &#039;192.168.71.2&#039;, os.name: &#039;Windows 10&#039;, os.arch: &#039;amd64&#039;, os.version: &#039;10.0&#039;, java.version: &#039;1.8.0_151&#039;
Driver info: org.openqa.selenium.firefox.FirefoxDriver
Capabilities [{applicationCacheEnabled=true, rotatable=false, handlesAlerts=true, databaseEnabled=true, version=47.0.1, platform=WINDOWS, nativeEvents=false, acceptSslCerts=true, webStorageEnabled=true, locationContextEnabled=true, browserName=firefox, takesScreenshot=true, javascriptEnabled=true, cssSelectorsEnabled=true}]
Session ID: ec014d9b-88f6-4b92-bc13-cbb8432317b1">
      <![CDATA[org.openqa.selenium.TimeoutException: Timed out after 100 seconds waiting for text ('nnnWrong Password, try again') to be present in element found by By.xpath: .//*[@id='password']/div[2]/div[2]
Build info: version: '2.53.1', revision: 'a36b8b1cd5757287168e54b817830adce9b0158d', time: '2016-06-30 19:26:09'
System info: host: 'LAPTOP-TO2ES5BG', ip: '192.168.71.2', os.name: 'Windows 10', os.arch: 'amd64', os.version: '10.0', java.version: '1.8.0_151'
Driver info: org.openqa.selenium.firefox.FirefoxDriver
Capabilities [{applicationCacheEnabled=true, rotatable=false, handlesAlerts=true, databaseEnabled=true, version=47.0.1, platform=WINDOWS, nativeEvents=false, acceptSslCerts=true, webStorageEnabled=true, locationContextEnabled=true, browserName=firefox, takesScreenshot=true, javascriptEnabled=true, cssSelectorsEnabled=true}]
Session ID: ec014d9b-88f6-4b92-bc13-cbb8432317b1
	at org.openqa.selenium.support.ui.WebDriverWait.timeoutException(WebDriverWait.java:80)
	at org.openqa.selenium.support.ui.FluentWait.until(FluentWait.java:261)
	at com.rutu.yash.PageTest.explicitWait(PageTest.java:65)
	at sun.reflect.NativeMethodAccessorImpl.invoke0(Native Method)
	at sun.reflect.NativeMethodAccessorImpl.invoke(NativeMethodAccessorImpl.java:62)
	at sun.reflect.DelegatingMethodAccessorImpl.invoke(DelegatingMethodAccessorImpl.java:43)
	at java.lang.reflect.Method.invoke(Method.java:498)
	at org.testng.internal.MethodInvocationHelper.invokeMethod(MethodInvocationHelper.java:80)
	at org.testng.internal.Invoker.invokeMethod(Invoker.java:714)
	at org.testng.internal.Invoker.invokeTestMethod(Invoker.java:901)
	at org.testng.internal.Invoker.invokeTestMethods(Invoker.java:1231)
	at org.testng.internal.TestMethodWorker.invokeTestMethods(TestMethodWorker.java:127)
	at org.testng.internal.TestMethodWorker.run(TestMethodWorker.java:111)
	at org.testng.TestRunner.privateRun(TestRunner.java:767)
	at org.testng.TestRunner.run(TestRunner.java:617)
	at org.testng.SuiteRunner.runTest(SuiteRunner.java:334)
	at org.testng.SuiteRunner.runSequentially(SuiteRunner.java:329)
	at org.testng.SuiteRunner.privateRun(SuiteRunner.java:291)
	at org.testng.SuiteRunner.run(SuiteRunner.java:240)
	at org.testng.SuiteRunnerWorker.runSuite(SuiteRunnerWorker.java:52)
	at org.testng.SuiteRunnerWorker.run(SuiteRunnerWorker.java:86)
	at org.testng.TestNG.runSuitesSequentially(TestNG.java:1198)
	at org.testng.TestNG.runSuitesLocally(TestNG.java:1123)
	at org.testng.TestNG.run(TestNG.java:1031)
	at org.apache.maven.surefire.testng.TestNGExecutor.run(TestNGExecutor.java:135)
	at org.apache.maven.surefire.testng.TestNGDirectoryTestSuite.executeSingleClass(TestNGDirectoryTestSuite.java:112)
	at org.apache.maven.surefire.testng.TestNGDirectoryTestSuite.execute(TestNGDirectoryTestSuite.java:99)
	at org.apache.maven.surefire.testng.TestNGProvider.invoke(TestNGProvider.java:146)
	at org.apache.maven.surefire.booter.ForkedBooter.invokeProviderInSameClassLoader(ForkedBooter.java:373)
	at org.apache.maven.surefire.booter.ForkedBooter.runSuitesInProcess(ForkedBooter.java:334)
	at org.apache.maven.surefire.booter.ForkedBooter.execute(ForkedBooter.java:119)
	at org.apache.maven.surefire.booter.ForkedBooter.main(ForkedBooter.java:407)
]]>
    </failure>
  </testcase> <!-- explicitWait -->
  <testcase name="openPageinNewWindow" time="19.134" classname="com.rutu.yash.PageTest"/>
  <testcase name="popUpTest" time="23.886" classname="com.rutu.yash.PageTest"/>
  <testcase name="dragAndDrop" time="13.860" classname="com.rutu.yash.PageTest"/>
  <testcase name="pageLoadTimeOut" time="13.629" classname="com.rutu.yash.PageTest"/>
  <testcase name="dropDownTest" time="20.738" classname="com.rutu.yash.PageTest"/>
  <testcase name="screenShotTest" time="24.702" classname="com.rutu.yash.PageTest"/>
  <testcase name="windowSizeTest" time="20.687" classname="com.rutu.yash.PageTest"/>
  <testcase name="frameTest" time="15.264" classname="com.rutu.yash.PageTest"/>
  <testcase name="hoverAction" time="13.180" classname="com.rutu.yash.PageTest"/>
  <testcase name="javaScriptExecutor" time="16.305" classname="com.rutu.yash.PageTest"/>
  <testcase name="cssSelector" time="18.979" classname="com.rutu.yash.PageTest"/>
  <testcase name="multipleWindowTest" time="32.029" classname="com.rutu.yash.PageTest"/>
</testsuite> <!-- com.rutu.yash.PageTest -->
